<?xml version="1.0" encoding="UTF-8"?>
<!-- Generated by org.testng.reporters.JUnitReportReporter -->
<testsuite hostname="LTIN513868" failures="0" tests="3" name="com.cognizant.test.TestCases" time="147.162" errors="0" timestamp="2024-02-13T15:57:43 IST" skipped="0">
  <testcase classname="com.cognizant.test.TestCases" name="Test1" time="40.203"/>
  <system-out/>
  <testcase classname="com.cognizant.test.TestCases" name="Test3" time="40.429"/>
  <system-out/>
  <testcase classname="com.cognizant.test.TestCases" name="Test2" time="66.530"/>
  <system-out/>
</testsuite> <!-- com.cognizant.test.TestCases -->
